This file contains any messages produced by compilers while
running configure, to aid debugging if configure makes a mistake.

It was created by configure, which was
generated by GNU Autoconf 2.59.  Invocation command line was

  $ ./configure 

## --------- ##
## Platform. ##
## --------- ##

hostname = aether.vemhost.net
uname -m = i686
uname -r = 2.6.18-194.26.1.el5.028stab079.2
uname -s = Linux
uname -v = #1 SMP Fri Dec 17 19:25:15 MSK 2010

/usr/bin/uname -p = unknown
/bin/uname -X     = unknown

/bin/arch              = i686
/usr/bin/arch -k       = unknown
/usr/convex/getsysinfo = unknown
hostinfo               = unknown
/bin/machine           = unknown
/usr/bin/oslevel       = unknown
/bin/universe          = unknown

PATH: /usr/kerberos/sbin
PATH: /usr/kerberos/bin
PATH: /usr/local/sbin
PATH: /usr/local/bin
PATH: /sbin
PATH: /bin
PATH: /usr/sbin
PATH: /usr/bin
PATH: /root/bin


## ----------- ##
## Core tests. ##
## ----------- ##

configure:1581: checking whether make sets $(MAKE)
configure:1601: result: yes
configure:1656: checking for gcc
configure:1672: found /usr/bin/gcc
configure:1682: result: gcc
configure:1926: checking for C compiler version
configure:1929: gcc --version </dev/null >&5
gcc (GCC) 4.1.2 20080704 (Red Hat 4.1.2-48)
Copyright (C) 2006 Free Software Foundation, Inc.
This is free software; see the source for copying conditions.  There is NO
warranty; not even for MERCHANTABILITY or FITNESS FOR A PARTICULAR PURPOSE.

configure:1932: $? = 0
configure:1934: gcc -v </dev/null >&5
Using built-in specs.
Target: i386-redhat-linux
Configured with: ../configure --prefix=/usr --mandir=/usr/share/man --infodir=/usr/share/info --enable-shared --enable-threads=posix --enable-checking=release --with-system-zlib --enable-__cxa_atexit --disable-libunwind-exceptions --enable-libgcj-multifile --enable-languages=c,c++,objc,obj-c++,java,fortran,ada --enable-java-awt=gtk --disable-dssi --enable-plugin --with-java-home=/usr/lib/jvm/java-1.4.2-gcj-1.4.2.0/jre --with-cpu=generic --host=i386-redhat-linux
Thread model: posix
gcc version 4.1.2 20080704 (Red Hat 4.1.2-48)
configure:1937: $? = 0
configure:1939: gcc -V </dev/null >&5
gcc: '-V' option must have argument
configure:1942: $? = 1
configure:1965: checking for C compiler default output file name
configure:1968: gcc    conftest.c  >&5
configure:1971: $? = 0
configure:2017: result: a.out
configure:2022: checking whether the C compiler works
configure:2028: ./a.out
configure:2031: $? = 0
configure:2048: result: yes
configure:2055: checking whether we are cross compiling
configure:2057: result: no
configure:2060: checking for suffix of executables
configure:2062: gcc -o conftest    conftest.c  >&5
configure:2065: $? = 0
configure:2090: result: 
configure:2096: checking for suffix of object files
configure:2117: gcc -c   conftest.c >&5
configure:2120: $? = 0
configure:2142: result: o
configure:2146: checking whether we are using the GNU C compiler
configure:2170: gcc -c   conftest.c >&5
configure:2176: $? = 0
configure:2180: test -z 
			 || test ! -s conftest.err
configure:2183: $? = 0
configure:2186: test -s conftest.o
configure:2189: $? = 0
configure:2202: result: yes
configure:2208: checking whether gcc accepts -g
configure:2229: gcc -c -g  conftest.c >&5
configure:2235: $? = 0
configure:2239: test -z 
			 || test ! -s conftest.err
configure:2242: $? = 0
configure:2245: test -s conftest.o
configure:2248: $? = 0
configure:2259: result: yes
configure:2276: checking for gcc option to accept ANSI C
configure:2346: gcc  -c -g -O2  conftest.c >&5
configure:2352: $? = 0
configure:2356: test -z 
			 || test ! -s conftest.err
configure:2359: $? = 0
configure:2362: test -s conftest.o
configure:2365: $? = 0
configure:2383: result: none needed
configure:2401: gcc -c -g -O2  conftest.c >&5
conftest.c:2: error: expected '=', ',', ';', 'asm' or '__attribute__' before 'me'
configure:2407: $? = 1
configure: failed program was:
| #ifndef __cplusplus
|   choke me
| #endif
configure:2545: checking how to run the C preprocessor
configure:2580: gcc -E  conftest.c
configure:2586: $? = 0
configure:2618: gcc -E  conftest.c
conftest.c:9:28: error: ac_nonexistent.h: No such file or directory
configure:2624: $? = 1
configure: failed program was:
| /* confdefs.h.  */
| 
| #define PACKAGE_NAME ""
| #define PACKAGE_TARNAME ""
| #define PACKAGE_VERSION ""
| #define PACKAGE_STRING ""
| #define PACKAGE_BUGREPORT ""
| /* end confdefs.h.  */
| #include <ac_nonexistent.h>
configure:2663: result: gcc -E
configure:2687: gcc -E  conftest.c
configure:2693: $? = 0
configure:2725: gcc -E  conftest.c
conftest.c:9:28: error: ac_nonexistent.h: No such file or directory
configure:2731: $? = 1
configure: failed program was:
| /* confdefs.h.  */
| 
| #define PACKAGE_NAME ""
| #define PACKAGE_TARNAME ""
| #define PACKAGE_VERSION ""
| #define PACKAGE_STRING ""
| #define PACKAGE_BUGREPORT ""
| /* end confdefs.h.  */
| #include <ac_nonexistent.h>
configure:2787: checking whether byte ordering is bigendian
configure:2814: gcc -c -g -O2 -pipe -ffast-math -Wall -Wno-sign-compare  -I../common conftest.c >&5
configure:2820: $? = 0
configure:2824: test -z 
			 || test ! -s conftest.err
configure:2827: $? = 0
configure:2830: test -s conftest.o
configure:2833: $? = 0
configure:2857: gcc -c -g -O2 -pipe -ffast-math -Wall -Wno-sign-compare  -I../common conftest.c >&5
conftest.c: In function 'main':
conftest.c:16: error: 'not' undeclared (first use in this function)
conftest.c:16: error: (Each undeclared identifier is reported only once
conftest.c:16: error: for each function it appears in.)
conftest.c:16: error: expected ';' before 'big'
configure:2863: $? = 1
configure: failed program was:
| /* confdefs.h.  */
| 
| #define PACKAGE_NAME ""
| #define PACKAGE_TARNAME ""
| #define PACKAGE_VERSION ""
| #define PACKAGE_STRING ""
| #define PACKAGE_BUGREPORT ""
| /* end confdefs.h.  */
| #include <sys/types.h>
| #include <sys/param.h>
| 
| int
| main ()
| {
| #if BYTE_ORDER != BIG_ENDIAN
|  not big endian
| #endif
| 
|   ;
|   return 0;
| }
configure:2998: result: no
configure:3016: checking whether pointers can be stored in ints (old code)
configure:3035: gcc -c -g -O2 -pipe -ffast-math -Wall -Wno-sign-compare  -I../common conftest.c >&5
conftest.c:9: warning: 'test_array' defined but not used
configure:3041: $? = 0
configure:3045: test -z 
			 || test ! -s conftest.err
configure:3048: $? = 0
configure:3051: test -s conftest.o
configure:3054: $? = 0
configure:3115: result: yes
configure:3125: checking whether gcc supports -Wno-unused-parameter
configure:3133: gcc -c -g -O2 -pipe -ffast-math -Wall -Wno-sign-compare -Wno-unused-parameter  -I../common conftest.c >&5
configure:3139: $? = 0
configure:3143: test -z 
			 || test ! -s conftest.err
configure:3146: $? = 0
configure:3149: test -s conftest.o
configure:3152: $? = 0
configure:3154: result: yes
configure:3170: checking whether gcc supports -Wno-pointer-sign
configure:3178: gcc -c -g -O2 -pipe -ffast-math -Wall -Wno-sign-compare -Wno-unused-parameter -Wno-pointer-sign  -I../common conftest.c >&5
configure:3184: $? = 0
configure:3188: test -z 
			 || test ! -s conftest.err
configure:3191: $? = 0
configure:3194: test -s conftest.o
configure:3197: $? = 0
configure:3199: result: yes
configure:3215: checking whether gcc supports -Wno-switch
configure:3223: gcc -c -g -O2 -pipe -ffast-math -Wall -Wno-sign-compare -Wno-unused-parameter -Wno-pointer-sign -Wno-switch  -I../common conftest.c >&5
configure:3229: $? = 0
configure:3233: test -z 
			 || test ! -s conftest.err
configure:3236: $? = 0
configure:3239: test -s conftest.o
configure:3242: $? = 0
configure:3244: result: yes
configure:3269: checking for setrlimit
configure:3326: gcc -o conftest -g -O2 -pipe -ffast-math -Wall -Wno-sign-compare -Wno-unused-parameter -Wno-pointer-sign -Wno-switch  -I../common  conftest.c  >&5
configure:3332: $? = 0
configure:3336: test -z 
			 || test ! -s conftest.err
configure:3339: $? = 0
configure:3342: test -s conftest
configure:3345: $? = 0
configure:3357: result: yes
configure:4145: checking for inflateEnd in -lz
configure:4175: gcc -o conftest -g -O2 -pipe -ffast-math -Wall -Wno-sign-compare -Wno-unused-parameter -Wno-pointer-sign -Wno-switch -DHAVE_SETRLIMIT -Wno-unused -Wno-parentheses  -I../common -I/usr/local/include  -L/usr/local/lib conftest.c -lz   >&5
configure:4181: $? = 0
configure:4185: test -z 
			 || test ! -s conftest.err
configure:4188: $? = 0
configure:4191: test -s conftest
configure:4194: $? = 0
configure:4207: result: yes
configure:4232: checking zlib.h usability
configure:4244: gcc -c -g -O2 -pipe -ffast-math -Wall -Wno-sign-compare -Wno-unused-parameter -Wno-pointer-sign -Wno-switch -DHAVE_SETRLIMIT -Wno-unused -Wno-parentheses  -I../common -I/usr/local/include conftest.c >&5
configure:4250: $? = 0
configure:4254: test -z 
			 || test ! -s conftest.err
configure:4257: $? = 0
configure:4260: test -s conftest.o
configure:4263: $? = 0
configure:4273: result: yes
configure:4277: checking zlib.h presence
configure:4287: gcc -E  -I../common -I/usr/local/include conftest.c
configure:4293: $? = 0
configure:4313: result: yes
configure:4348: checking for zlib.h
configure:4355: result: yes
configure:4374: checking for sqrt in -lm
configure:4404: gcc -o conftest -g -O2 -pipe -ffast-math -Wall -Wno-sign-compare -Wno-unused-parameter -Wno-pointer-sign -Wno-switch -DHAVE_SETRLIMIT -Wno-unused -Wno-parentheses  -I../common -I/usr/local/include  -L/usr/local/lib conftest.c -lm  -lz  >&5
conftest.c:17: warning: conflicting types for built-in function 'sqrt'
configure:4410: $? = 0
configure:4414: test -z 
			 || test ! -s conftest.err
configure:4417: $? = 0
configure:4420: test -s conftest
configure:4423: $? = 0
configure:4436: result: yes
configure:4457: checking for clock_gettime in -lrt
configure:4487: gcc -o conftest -g -O2 -pipe -ffast-math -Wall -Wno-sign-compare -Wno-unused-parameter -Wno-pointer-sign -Wno-switch -DHAVE_SETRLIMIT -Wno-unused -Wno-parentheses  -I../common -I/usr/local/include  -L/usr/local/lib conftest.c -lrt  -lm -lz  >&5
configure:4493: $? = 0
configure:4497: test -z 
			 || test ! -s conftest.err
configure:4500: $? = 0
configure:4503: test -s conftest
configure:4506: $? = 0
configure:4519: result: yes
configure:4546: checking for mysql_config
configure:4564: found /usr/bin/mysql_config
configure:4577: result: /usr/bin/mysql_config
configure:4600: checking for mysql_init in -lmysqlclient
configure:4630: gcc -o conftest -g -O2 -pipe -ffast-math -Wall -Wno-sign-compare -Wno-unused-parameter -Wno-pointer-sign -Wno-switch -DHAVE_SETRLIMIT -Wno-unused -Wno-parentheses  -I../common -I/usr/local/include -I/usr/include/mysql  -L/usr/local/lib -rdynamic -L/usr/lib/mysql -lmysqlclient -lz -lcrypt -lnsl -lm -L/usr/lib -lssl -lcrypto conftest.c -lmysqlclient  -lrt -lm -lz  >&5
configure:4636: $? = 0
configure:4640: test -z 
			 || test ! -s conftest.err
configure:4643: $? = 0
configure:4646: test -s conftest
configure:4649: $? = 0
configure:4662: result: yes
configure:4678: checking mysql.h usability
configure:4690: gcc -c -g -O2 -pipe -ffast-math -Wall -Wno-sign-compare -Wno-unused-parameter -Wno-pointer-sign -Wno-switch -DHAVE_SETRLIMIT -Wno-unused -Wno-parentheses  -I../common -I/usr/local/include -I/usr/include/mysql conftest.c >&5
configure:4696: $? = 0
configure:4700: test -z 
			 || test ! -s conftest.err
configure:4703: $? = 0
configure:4706: test -s conftest.o
configure:4709: $? = 0
configure:4719: result: yes
configure:4723: checking mysql.h presence
configure:4733: gcc -E  -I../common -I/usr/local/include -I/usr/include/mysql conftest.c
configure:4739: $? = 0
configure:4759: result: yes
configure:4794: checking for mysql.h
configure:4801: result: yes
configure:4815: checking MySQL library (optional)
configure:4818: result: yes (5.0.77)
configure:4855: checking for pcre_study in -lpcre
configure:4885: gcc -o conftest -g -O2 -pipe -ffast-math -Wall -Wno-sign-compare -Wno-unused-parameter -Wno-pointer-sign -Wno-switch -DHAVE_SETRLIMIT -Wno-unused -Wno-parentheses  -I../common -I/usr/local/include  -L/usr/local/lib conftest.c -lpcre  -lrt -lm -lz  >&5
/usr/bin/ld: cannot find -lpcre
collect2: ld returned 1 exit status
configure:4891: $? = 1
configure: failed program was:
| /* confdefs.h.  */
| 
| #define PACKAGE_NAME ""
| #define PACKAGE_TARNAME ""
| #define PACKAGE_VERSION ""
| #define PACKAGE_STRING ""
| #define PACKAGE_BUGREPORT ""
| #define HAVE_LIBZ 1
| #define HAVE_LIBM 1
| #define HAVE_LIBRT 1
| /* end confdefs.h.  */
| 
| /* Override any gcc2 internal prototype to avoid an error.  */
| #ifdef __cplusplus
| extern "C"
| #endif
| /* We use char because int might match the return type of a gcc2
|    builtin and then its argument prototype would still apply.  */
| char pcre_study ();
| int
| main ()
| {
| pcre_study ();
|   ;
|   return 0;
| }
configure:4917: result: no
configure:5004: checking PCRE library (optional)
configure:5010: result: no
configure:5017: disabling PCRE (optional)
configure:5031: checking host OS
configure:5034: result: Linux
configure:5059: checking for MinGW
configure:5070: result: no
configure:5203: creating ./config.status

## ---------------------- ##
## Running config.status. ##
## ---------------------- ##

This file was extended by config.status, which was
generated by GNU Autoconf 2.59.  Invocation command line was

  CONFIG_FILES    = 
  CONFIG_HEADERS  = 
  CONFIG_LINKS    = 
  CONFIG_COMMANDS = 
  $ ./config.status 

on aether.vemhost.net

config.status:652: creating Makefile
config.status:652: creating src/common/Makefile
config.status:652: creating src/char/Makefile
config.status:652: creating src/login/Makefile
config.status:652: creating src/ladmin/Makefile
config.status:652: creating src/char_sql/Makefile
config.status:652: creating src/txt-converter/Makefile
config.status:652: creating src/map/Makefile
config.status:652: creating src/plugins/Makefile
config.status:652: creating src/tool/Makefile

## ---------------- ##
## Cache variables. ##
## ---------------- ##

ac_cv_c_bigendian=no
ac_cv_c_compiler_gnu=yes
ac_cv_env_CC_set=
ac_cv_env_CC_value=
ac_cv_env_CFLAGS_set=
ac_cv_env_CFLAGS_value=
ac_cv_env_CPPFLAGS_set=
ac_cv_env_CPPFLAGS_value=
ac_cv_env_CPP_set=
ac_cv_env_CPP_value=
ac_cv_env_LDFLAGS_set=
ac_cv_env_LDFLAGS_value=
ac_cv_env_build_alias_set=
ac_cv_env_build_alias_value=
ac_cv_env_host_alias_set=
ac_cv_env_host_alias_value=
ac_cv_env_target_alias_set=
ac_cv_env_target_alias_value=
ac_cv_exeext=
ac_cv_func_setrlimit=yes
ac_cv_header_mysql_h=yes
ac_cv_header_zlib_h=yes
ac_cv_lib_m_sqrt=yes
ac_cv_lib_mysqlclient_mysql_init=yes
ac_cv_lib_pcre_pcre_study=no
ac_cv_lib_rt_clock_gettime=yes
ac_cv_lib_z_inflateEnd=yes
ac_cv_objext=o
ac_cv_path_MYSQL_CONFIG_HOME=/usr/bin/mysql_config
ac_cv_prog_CPP='gcc -E'
ac_cv_prog_ac_ct_CC=gcc
ac_cv_prog_cc_g=yes
ac_cv_prog_cc_stdc=
ac_cv_prog_make_make_set=yes

## ----------------- ##
## Output variables. ##
## ----------------- ##

CC='gcc'
CFLAGS='-g -O2 -pipe -ffast-math -Wall -Wno-sign-compare -Wno-unused-parameter -Wno-pointer-sign -Wno-switch -DHAVE_SETRLIMIT -Wno-unused -Wno-parentheses'
CPP='gcc -E'
CPPFLAGS=' -I../common -I/usr/local/include'
DEFS='-DPACKAGE_NAME=\"\" -DPACKAGE_TARNAME=\"\" -DPACKAGE_VERSION=\"\" -DPACKAGE_STRING=\"\" -DPACKAGE_BUGREPORT=\"\" -DHAVE_LIBZ=1 -DHAVE_LIBM=1 -DHAVE_LIBRT=1 '
DLLEXT='.so'
ECHO_C=''
ECHO_N='-n'
ECHO_T=''
EGREP=''
EXEEXT=''
HAVE_MYSQL='yes'
HAVE_PCRE=''
LDFLAGS=' -L/usr/local/lib'
LIBOBJS=''
LIBS='-lrt -lm -lz  -ldl'
LTLIBOBJS=''
MYSQL_CFLAGS='-I/usr/include/mysql'
MYSQL_CONFIG_HOME='/usr/bin/mysql_config'
MYSQL_LIBS='-rdynamic -L/usr/lib/mysql -lmysqlclient -lz -lcrypt -lnsl -lm -L/usr/lib -lssl -lcrypto'
MYSQL_VERSION='5.0.77'
OBJEXT='o'
PACKAGE_BUGREPORT=''
PACKAGE_NAME=''
PACKAGE_STRING=''
PACKAGE_TARNAME=''
PACKAGE_VERSION=''
PATH_SEPARATOR=':'
PCRE_CFLAGS=''
PCRE_LIBS=''
SET_MAKE=''
SHELL='/bin/sh'
ac_ct_CC='gcc'
bindir='${exec_prefix}/bin'
build_alias=''
datadir='${prefix}/share'
exec_prefix='${prefix}'
host_alias=''
includedir='${prefix}/include'
infodir='${prefix}/info'
libdir='${exec_prefix}/lib'
libexecdir='${exec_prefix}/libexec'
localstatedir='${prefix}/var'
mandir='${prefix}/man'
oldincludedir='/usr/include'
prefix='/usr/local'
program_transform_name='s,x,x,'
sbindir='${exec_prefix}/sbin'
sharedstatedir='${prefix}/com'
sysconfdir='${prefix}/etc'
target_alias=''

## ----------- ##
## confdefs.h. ##
## ----------- ##

#define HAVE_LIBM 1
#define HAVE_LIBRT 1
#define HAVE_LIBZ 1
#define PACKAGE_BUGREPORT ""
#define PACKAGE_NAME ""
#define PACKAGE_STRING ""
#define PACKAGE_TARNAME ""
#define PACKAGE_VERSION ""

configure: exit 0
